TN:
SF:features\accueil\components\GainsCarousel.tsx
FN:37,WavePrimary
FN:54,CardSeparator
FN:58,CardPrimary
FN:69,CardWhite
FN:79,GainsCarousel
FN:82,(anonymous_5)
FN:124,(anonymous_6)
FN:133,(anonymous_7)
FN:140,(anonymous_8)
FNF:9
FNH:0
FNDA:0,WavePrimary
FNDA:0,CardSeparator
FNDA:0,CardPrimary
FNDA:0,CardWhite
FNDA:0,GainsCarousel
FNDA:0,(anonymous_5)
FNDA:0,(anonymous_6)
FNDA:0,(anonymous_7)
FNDA:0,(anonymous_8)
DA:18,0
DA:19,0
DA:20,0
DA:21,0
DA:22,0
DA:38,0
DA:55,0
DA:59,0
DA:70,0
DA:80,0
DA:82,0
DA:83,0
DA:84,0
DA:87,0
DA:88,0
DA:95,0
DA:96,0
DA:120,0
DA:124,0
DA:134,0
DA:141,0
DA:148,0
LF:22
LH:0
BRDA:87,0,0,0
BRDA:87,0,1,0
BRDA:95,1,0,0
BRDA:95,1,1,0
BRDA:100,2,0,0
BRDA:100,2,1,0
BRDA:101,3,0,0
BRDA:101,3,1,0
BRDA:107,4,0,0
BRDA:107,4,1,0
BRDA:114,5,0,0
BRDA:114,5,1,0
BRDA:134,6,0,0
BRDA:134,6,1,0
BRDA:141,7,0,0
BRDA:141,7,1,0
BRF:16
BRH:0
end_of_record
TN:
SF:features\accueil\components\SoldeVehicules.tsx
FN:14,VehiculeRow
FN:15,handlePress
FN:46,SoldeVehicules
FN:47,(anonymous_3)
FN:57,(anonymous_4)
FNF:5
FNH:0
FNDA:0,VehiculeRow
FNDA:0,handlePress
FNDA:0,SoldeVehicules
FNDA:0,(anonymous_3)
FNDA:0,(anonymous_4)
DA:16,0
DA:22,0
DA:47,0
DA:48,0
DA:49,0
DA:51,0
DA:52,0
DA:54,0
DA:55,0
DA:57,0
DA:58,0
DA:62,0
DA:70,0
LF:13
LH:0
BRDA:23,0,0,0
BRDA:23,0,1,0
BRDA:30,1,0,0
BRDA:30,1,1,0
BRDA:48,2,0,0
BRDA:48,2,1,0
BRDA:51,3,0,0
BRDA:51,3,1,0
BRDA:54,4,0,0
BRDA:54,4,1,0
BRF:10
BRH:0
end_of_record
TN:
SF:features\accueil\screens\AccueilScreen.tsx
FN:22,formatPhone
FN:29,AccueilScreen
FN:41,(anonymous_2)
FN:45,(anonymous_3)
FN:49,(anonymous_4)
FN:50,(anonymous_5)
FN:53,(anonymous_6)
FN:84,(anonymous_7)
FN:99,(anonymous_8)
FN:100,(anonymous_9)
FN:101,(anonymous_10)
FNF:11
FNH:6
FNDA:13,formatPhone
FNDA:14,AccueilScreen
FNDA:10,(anonymous_2)
FNDA:0,(anonymous_3)
FNDA:10,(anonymous_4)
FNDA:0,(anonymous_5)
FNDA:10,(anonymous_6)
FNDA:4,(anonymous_7)
FNDA:0,(anonymous_8)
FNDA:0,(anonymous_9)
FNDA:0,(anonymous_10)
DA:14,1
DA:15,1
DA:16,1
DA:17,1
DA:18,1
DA:19,1
DA:20,1
DA:23,13
DA:24,12
DA:25,12
DA:26,0
DA:30,14
DA:31,14
DA:32,14
DA:33,14
DA:34,14
DA:36,14
DA:37,14
DA:38,14
DA:41,14
DA:44,14
DA:45,0
DA:49,14
DA:50,10
DA:51,0
DA:53,10
DA:56,14
DA:84,4
DA:99,0
DA:100,0
DA:137,1
LF:31
LH:26
BRDA:23,0,0,1
BRDA:23,0,1,12
BRDA:25,1,0,12
BRDA:25,1,1,0
BRDA:36,2,0,13
BRDA:36,2,1,1
BRDA:37,3,0,14
BRDA:37,3,1,1
BRDA:38,4,0,14
BRDA:38,4,1,1
BRDA:51,5,0,0
BRDA:51,5,1,0
BRDA:84,6,0,4
BRDA:84,6,1,4
BRDA:87,7,0,1
BRDA:87,7,1,13
BRDA:110,8,0,1
BRDA:110,8,1,13
BRDA:127,9,0,14
BRDA:127,9,1,14
BRF:20
BRH:17
end_of_record
TN:
SF:features\auth\components\AuthInput.tsx
FN:14,AuthInput
FNF:1
FNH:0
FNDA:0,AuthInput
DA:15,0
DA:39,0
LF:2
LH:0
BRDA:20,0,0,0
BRDA:20,0,1,0
BRDA:21,1,0,0
BRDA:21,1,1,0
BRDA:30,2,0,0
BRDA:30,2,1,0
BRDA:34,3,0,0
BRDA:34,3,1,0
BRF:8
BRH:0
end_of_record
TN:
SF:features\auth\components\OtpInput.tsx
FN:12,OtpInput
FN:15,handleChange
FN:25,handleKeyPress
FN:34,(anonymous_3)
FN:37,(anonymous_4)
FN:40,(anonymous_5)
FN:41,(anonymous_6)
FNF:7
FNH:0
FNDA:0,OtpInput
FNDA:0,handleChange
FNDA:0,handleKeyPress
FNDA:0,(anonymous_3)
FNDA:0,(anonymous_4)
FNDA:0,(anonymous_5)
FNDA:0,(anonymous_6)
DA:13,0
DA:16,0
DA:17,0
DA:18,0
DA:19,0
DA:20,0
DA:21,0
DA:22,0
DA:26,0
DA:27,0
DA:31,0
DA:35,0
DA:37,0
DA:40,0
DA:41,0
DA:54,0
LF:16
LH:0
BRDA:12,0,0,0
BRDA:21,1,0,0
BRDA:21,1,1,0
BRDA:21,2,0,0
BRDA:21,2,1,0
BRDA:22,3,0,0
BRDA:22,3,1,0
BRDA:22,4,0,0
BRDA:22,4,1,0
BRDA:26,5,0,0
BRDA:26,5,1,0
BRDA:26,6,0,0
BRDA:26,6,1,0
BRDA:26,6,2,0
BRDA:38,7,0,0
BRDA:38,7,1,0
BRDA:38,8,0,0
BRDA:38,8,1,0
BRDA:39,9,0,0
BRDA:39,9,1,0
BRDA:49,10,0,0
BRDA:49,10,1,0
BRF:22
BRH:0
end_of_record
TN:
SF:features\auth\components\PasswordInput.tsx
FN:14,PasswordInput
FN:29,(anonymous_1)
FN:29,(anonymous_2)
FNF:3
FNH:0
FNDA:0,PasswordInput
FNDA:0,(anonymous_1)
FNDA:0,(anonymous_2)
DA:15,0
DA:17,0
DA:29,0
DA:38,0
LF:4
LH:0
BRDA:20,0,0,0
BRDA:20,0,1,0
BRDA:29,1,0,0
BRDA:29,1,1,0
BRDA:30,2,0,0
BRDA:30,2,1,0
BRDA:33,3,0,0
BRDA:33,3,1,0
BRF:8
BRH:0
end_of_record
TN:
SF:features\auth\components\PhoneInput.tsx
FN:10,flagEmoji
FN:12,(anonymous_1)
FN:26,PhoneInput
FN:33,(anonymous_3)
FN:35,selectCountry
FN:47,(anonymous_5)
FN:60,(anonymous_6)
FN:76,(anonymous_7)
FN:77,(anonymous_8)
FN:82,(anonymous_9)
FN:83,(anonymous_10)
FN:86,(anonymous_11)
FNF:12
FNH:0
FNDA:0,flagEmoji
FNDA:0,(anonymous_1)
FNDA:0,PhoneInput
FNDA:0,(anonymous_3)
FNDA:0,selectCountry
FNDA:0,(anonymous_5)
FNDA:0,(anonymous_6)
FNDA:0,(anonymous_7)
FNDA:0,(anonymous_8)
FNDA:0,(anonymous_9)
FNDA:0,(anonymous_10)
FNDA:0,(anonymous_11)
DA:11,0
DA:12,0
DA:32,0
DA:33,0
DA:36,0
DA:37,0
DA:40,0
DA:47,0
DA:61,0
DA:63,0
DA:64,0
DA:76,0
DA:77,0
DA:82,0
DA:84,0
DA:86,0
DA:103,0
LF:17
LH:0
BRDA:27,0,0,0
BRDA:33,1,0,0
BRDA:33,1,1,0
BRDA:43,2,0,0
BRDA:43,2,1,0
BRDA:63,3,0,0
BRDA:63,3,1,0
BRDA:73,4,0,0
BRDA:73,4,1,0
BRDA:85,5,0,0
BRDA:85,5,1,0
BRDA:91,6,0,0
BRDA:91,6,1,0
BRF:13
BRH:0
end_of_record
TN:
SF:features\auth\components\StepIndicator.tsx
FN:10,StepIndicator
FN:13,(anonymous_1)
FNF:2
FNH:0
FNDA:0,StepIndicator
FNDA:0,(anonymous_1)
DA:11,0
DA:14,0
DA:15,0
DA:16,0
DA:17,0
DA:38,0
LF:6
LH:0
BRDA:19,0,0,0
BRDA:19,0,1,0
BRDA:19,1,0,0
BRDA:19,1,1,0
BRDA:20,2,0,0
BRDA:20,2,1,0
BRDA:22,3,0,0
BRDA:22,3,1,0
BRDA:25,4,0,0
BRDA:25,4,1,0
BRDA:26,5,0,0
BRDA:26,5,1,0
BRDA:30,6,0,0
BRDA:30,6,1,0
BRDA:30,7,0,0
BRDA:30,7,1,0
BRF:16
BRH:0
end_of_record
TN:
SF:features\auth\hooks\useCurrentUser.ts
FN:5,useCurrentUser
FN:9,(anonymous_1)
FN:10,(anonymous_2)
FNF:3
FNH:0
FNDA:0,useCurrentUser
FNDA:0,(anonymous_1)
FNDA:0,(anonymous_2)
DA:6,0
DA:7,0
DA:9,0
DA:10,0
DA:11,0
DA:12,0
DA:16,0
LF:7
LH:0
BRF:0
BRH:0
end_of_record
TN:
SF:features\auth\hooks\useForgotPassword.ts
FN:35,err
FN:36,(anonymous_1)
FN:39,globalErr
FN:40,(anonymous_3)
FN:43,useForgotPassword
FN:46,(anonymous_5)
FN:47,(anonymous_6)
FN:50,(anonymous_7)
FN:51,(anonymous_8)
FN:54,(anonymous_9)
FN:60,(anonymous_10)
FN:63,(anonymous_11)
FN:69,(anonymous_12)
FN:72,(anonymous_13)
FN:82,(anonymous_14)
FN:85,(anonymous_15)
FN:86,(anonymous_16)
FNF:17
FNH:0
FNDA:0,err
FNDA:0,(anonymous_1)
FNDA:0,globalErr
FNDA:0,(anonymous_3)
FNDA:0,useForgotPassword
FNDA:0,(anonymous_5)
FNDA:0,(anonymous_6)
FNDA:0,(anonymous_7)
FNDA:0,(anonymous_8)
FNDA:0,(anonymous_9)
FNDA:0,(anonymous_10)
FNDA:0,(anonymous_11)
FNDA:0,(anonymous_12)
FNDA:0,(anonymous_13)
FNDA:0,(anonymous_14)
FNDA:0,(anonymous_15)
FNDA:0,(anonymous_16)
DA:21,0
DA:36,0
DA:40,0
DA:44,0
DA:46,0
DA:47,0
DA:50,0
DA:51,0
DA:54,0
DA:55,0
DA:56,0
DA:58,0
DA:59,0
DA:60,0
DA:63,0
DA:64,0
DA:65,0
DA:67,0
DA:68,0
DA:69,0
DA:72,0
DA:73,0
DA:74,0
DA:75,0
DA:76,0
DA:77,0
DA:78,0
DA:80,0
DA:81,0
DA:82,0
DA:85,0
DA:86,0
DA:87,0
DA:88,0
DA:89,0
DA:92,0
LF:36
LH:0
BRDA:56,0,0,0
BRDA:56,0,1,0
BRDA:65,1,0,0
BRDA:65,1,1,0
BRDA:68,2,0,0
BRDA:68,2,1,0
BRDA:75,3,0,0
BRDA:75,3,1,0
BRDA:76,4,0,0
BRDA:76,4,1,0
BRDA:78,5,0,0
BRDA:78,5,1,0
BRDA:81,6,0,0
BRDA:81,6,1,0
BRDA:87,7,0,0
BRDA:87,7,1,0
BRDA:88,8,0,0
BRDA:88,8,1,0
BRDA:89,9,0,0
BRDA:89,9,1,0
BRF:20
BRH:0
end_of_record
TN:
SF:features\auth\hooks\useLogin.ts
FN:29,useLogin
FN:32,(anonymous_1)
FN:33,(anonymous_2)
FN:36,(anonymous_3)
FN:37,(anonymous_4)
FN:40,(anonymous_5)
FN:49,(anonymous_6)
FN:51,(anonymous_7)
FN:53,(anonymous_8)
FN:56,(anonymous_9)
FNF:10
FNH:0
FNDA:0,useLogin
FNDA:0,(anonymous_1)
FNDA:0,(anonymous_2)
FNDA:0,(anonymous_3)
FNDA:0,(anonymous_4)
FNDA:0,(anonymous_5)
FNDA:0,(anonymous_6)
FNDA:0,(anonymous_7)
FNDA:0,(anonymous_8)
FNDA:0,(anonymous_9)
DA:19,0
DA:30,0
DA:32,0
DA:33,0
DA:36,0
DA:37,0
DA:40,0
DA:41,0
DA:48,0
DA:49,0
DA:51,0
DA:52,0
DA:53,0
DA:55,0
DA:56,0
DA:57,0
DA:60,0
DA:61,0
DA:62,0
DA:65,0
LF:20
LH:0
BRDA:49,0,0,0
BRDA:49,0,1,0
BRDA:55,1,0,0
BRDA:55,1,1,0
BRF:4
BRH:0
end_of_record
TN:
SF:features\auth\hooks\useLogout.ts
FN:7,useLogout
FN:10,(anonymous_1)
FN:19,(anonymous_2)
FNF:3
FNH:0
FNDA:0,useLogout
FNDA:0,(anonymous_1)
FNDA:0,(anonymous_2)
DA:8,0
DA:10,0
DA:11,0
DA:20,0
DA:21,0
DA:22,0
DA:23,0
DA:30,0
LF:8
LH:0
BRF:0
BRH:0
end_of_record
TN:
SF:features\auth\hooks\useRegister.ts
FN:63,useRegister
FN:66,(anonymous_1)
FN:67,(anonymous_2)
FN:70,(anonymous_3)
FN:71,(anonymous_4)
FN:75,(anonymous_5)
FN:76,(anonymous_6)
FN:85,(anonymous_7)
FN:89,(anonymous_8)
FN:92,(anonymous_9)
FN:100,(anonymous_10)
FN:113,(anonymous_11)
FN:116,(anonymous_12)
FN:118,(anonymous_13)
FN:125,(anonymous_14)
FN:126,(anonymous_15)
FN:133,(anonymous_16)
FN:144,(anonymous_17)
FN:148,(anonymous_18)
FN:153,(anonymous_19)
FN:154,(anonymous_20)
FNF:21
FNH:0
FNDA:0,useRegister
FNDA:0,(anonymous_1)
FNDA:0,(anonymous_2)
FNDA:0,(anonymous_3)
FNDA:0,(anonymous_4)
FNDA:0,(anonymous_5)
FNDA:0,(anonymous_6)
FNDA:0,(anonymous_7)
FNDA:0,(anonymous_8)
FNDA:0,(anonymous_9)
FNDA:0,(anonymous_10)
FNDA:0,(anonymous_11)
FNDA:0,(anonymous_12)
FNDA:0,(anonymous_13)
FNDA:0,(anonymous_14)
FNDA:0,(anonymous_15)
FNDA:0,(anonymous_16)
FNDA:0,(anonymous_17)
FNDA:0,(anonymous_18)
FNDA:0,(anonymous_19)
FNDA:0,(anonymous_20)
DA:22,0
DA:46,0
DA:64,0
DA:66,0
DA:67,0
DA:70,0
DA:71,0
DA:75,0
DA:76,0
DA:78,0
DA:79,0
DA:84,0
DA:85,0
DA:88,0
DA:89,0
DA:91,0
DA:92,0
DA:96,0
DA:99,0
DA:100,0
DA:108,0
DA:111,0
DA:112,0
DA:113,0
DA:115,0
DA:116,0
DA:118,0
DA:119,0
DA:122,0
DA:123,0
DA:124,0
DA:125,0
DA:126,0
DA:127,0
DA:130,0
DA:131,0
DA:132,0
DA:133,0
DA:135,0
DA:143,0
DA:144,0
DA:146,0
DA:147,0
DA:148,0
DA:149,0
DA:153,0
DA:154,0
DA:161,0
LF:48
LH:0
BRDA:78,0,0,0
BRDA:78,0,1,0
BRDA:85,1,0,0
BRDA:85,1,1,0
BRDA:89,2,0,0
BRDA:89,2,1,0
BRDA:91,3,0,0
BRDA:91,3,1,0
BRDA:104,4,0,0
BRDA:104,4,1,0
BRDA:105,5,0,0
BRDA:105,5,1,0
BRDA:111,6,0,0
BRDA:111,6,1,0
BRDA:113,7,0,0
BRDA:113,7,1,0
BRDA:116,8,0,0
BRDA:116,8,1,0
BRDA:122,9,0,0
BRDA:122,9,1,0
BRDA:125,10,0,0
BRDA:125,10,1,0
BRDA:130,11,0,0
BRDA:130,11,1,0
BRDA:133,12,0,0
BRDA:133,12,1,0
BRDA:144,13,0,0
BRDA:144,13,1,0
BRF:28
BRH:0
end_of_record
TN:
SF:features\auth\screens\ForgotPasswordScreen.tsx
FN:22,ForgotPasswordScreen
FN:38,(anonymous_1)
FN:73,(anonymous_2)
FN:85,(anonymous_3)
FN:98,(anonymous_4)
FN:105,(anonymous_5)
FN:128,(anonymous_6)
FNF:7
FNH:0
FNDA:0,ForgotPasswordScreen
FNDA:0,(anonymous_1)
FNDA:0,(anonymous_2)
FNDA:0,(anonymous_3)
FNDA:0,(anonymous_4)
FNDA:0,(anonymous_5)
FNDA:0,(anonymous_6)
DA:15,0
DA:23,0
DA:24,0
DA:26,0
DA:28,0
DA:29,0
DA:38,0
DA:45,0
DA:73,0
DA:85,0
DA:98,0
DA:105,0
DA:128,0
DA:137,0
LF:14
LH:0
BRDA:28,0,0,0
BRDA:28,0,1,0
BRDA:48,1,0,0
BRDA:48,1,1,0
BRDA:61,2,0,0
BRDA:61,2,1,0
BRDA:68,3,0,0
BRDA:68,3,1,0
BRDA:80,4,0,0
BRDA:80,4,1,0
BRDA:93,5,0,0
BRDA:93,5,1,0
BRDA:113,6,0,0
BRDA:113,6,1,0
BRDA:116,7,0,0
BRDA:116,7,1,0
BRDA:119,8,0,0
BRDA:119,8,1,0
BRDA:120,9,0,0
BRDA:120,9,1,0
BRF:20
BRH:0
end_of_record
TN:
SF:features\auth\screens\LoginScreen.tsx
FN:12,LoginScreen
FN:40,(anonymous_1)
FN:48,(anonymous_2)
FN:71,(anonymous_3)
FN:81,(anonymous_4)
FNF:5
FNH:0
FNDA:0,LoginScreen
FNDA:0,(anonymous_1)
FNDA:0,(anonymous_2)
FNDA:0,(anonymous_3)
FNDA:0,(anonymous_4)
DA:13,0
DA:14,0
DA:15,0
DA:17,0
DA:40,0
DA:48,0
DA:71,0
DA:81,0
DA:91,0
LF:9
LH:0
BRDA:15,0,0,0
BRDA:15,0,1,0
BRDA:20,1,0,0
BRDA:20,1,1,0
BRDA:53,2,0,0
BRDA:53,2,1,0
BRDA:60,3,0,0
BRDA:60,3,1,0
BRDA:60,3,2,0
BRDA:62,4,0,0
BRDA:62,4,1,0
BRDA:64,5,0,0
BRDA:64,5,1,0
BRF:13
BRH:0
end_of_record
TN:
SF:features\auth\screens\RegisterScreen.tsx
FN:19,RegisterScreen
FN:59,(anonymous_1)
FN:76,(anonymous_2)
FN:94,(anonymous_3)
FN:103,(anonymous_4)
FN:137,(anonymous_5)
FN:144,(anonymous_6)
FN:175,(anonymous_7)
FNF:8
FNH:0
FNDA:0,RegisterScreen
FNDA:0,(anonymous_1)
FNDA:0,(anonymous_2)
FNDA:0,(anonymous_3)
FNDA:0,(anonymous_4)
FNDA:0,(anonymous_5)
FNDA:0,(anonymous_6)
FNDA:0,(anonymous_7)
DA:17,0
DA:20,0
DA:21,0
DA:23,0
DA:59,0
DA:76,0
DA:94,0
DA:103,0
DA:137,0
DA:144,0
DA:175,0
DA:185,0
LF:12
LH:0
BRDA:26,0,0,0
BRDA:26,0,1,0
BRDA:44,1,0,0
BRDA:44,1,1,0
BRDA:51,2,0,0
BRDA:51,2,1,0
BRDA:67,3,0,0
BRDA:67,3,1,0
BRDA:83,4,0,0
BRDA:83,4,1,0
BRDA:86,5,0,0
BRDA:86,5,1,0
BRDA:113,6,0,0
BRDA:113,6,1,0
BRDA:153,7,0,0
BRDA:153,7,1,0
BRDA:159,8,0,0
BRDA:159,8,1,0
BRDA:159,9,0,0
BRDA:159,9,1,0
BRDA:162,10,0,0
BRDA:162,10,1,0
BRDA:163,11,0,0
BRDA:163,11,1,0
BRDA:166,12,0,0
BRDA:166,12,1,0
BRF:26
BRH:0
end_of_record
TN:
SF:features\auth\services\auth.service.ts
FN:15,post
FN:35,sleep
FN:35,(anonymous_2)
FN:41,(anonymous_3)
FN:49,(anonymous_4)
FN:58,(anonymous_5)
FN:88,(anonymous_6)
FN:115,(anonymous_7)
FN:123,(anonymous_8)
FN:132,(anonymous_9)
FNF:10
FNH:0
FNDA:0,post
FNDA:0,sleep
FNDA:0,(anonymous_2)
FNDA:0,(anonymous_3)
FNDA:0,(anonymous_4)
FNDA:0,(anonymous_5)
FNDA:0,(anonymous_6)
FNDA:0,(anonymous_7)
FNDA:0,(anonymous_8)
FNDA:0,(anonymous_9)
DA:10,0
DA:11,0
DA:16,0
DA:17,0
DA:22,0
DA:23,0
DA:24,0
DA:26,0
DA:32,0
DA:33,0
DA:35,0
DA:39,0
DA:42,0
DA:43,0
DA:44,0
DA:46,0
DA:50,0
DA:51,0
DA:52,0
DA:53,0
DA:55,0
DA:59,0
DA:60,0
DA:61,0
DA:75,0
DA:89,0
DA:90,0
DA:91,0
DA:92,0
DA:106,0
DA:108,0
DA:116,0
DA:117,0
DA:118,0
DA:120,0
DA:124,0
DA:125,0
DA:126,0
DA:127,0
DA:129,0
DA:133,0
DA:134,0
DA:135,0
DA:137,0
LF:44
LH:0
BRDA:10,0,0,0
BRDA:10,0,1,0
BRDA:23,1,0,0
BRDA:23,1,1,0
BRDA:23,2,0,0
BRDA:23,2,1,0
BRDA:23,2,2,0
BRDA:35,3,0,0
BRDA:42,4,0,0
BRDA:42,4,1,0
BRDA:50,5,0,0
BRDA:50,5,1,0
BRDA:52,6,0,0
BRDA:52,6,1,0
BRDA:59,7,0,0
BRDA:59,7,1,0
BRDA:89,8,0,0
BRDA:89,8,1,0
BRDA:91,9,0,0
BRDA:91,9,1,0
BRDA:116,10,0,0
BRDA:116,10,1,0
BRDA:124,11,0,0
BRDA:124,11,1,0
BRDA:126,12,0,0
BRDA:126,12,1,0
BRDA:133,13,0,0
BRDA:133,13,1,0
BRF:28
BRH:0
end_of_record
TN:
SF:features\auth\services\secure-storage.service.ts
FN:7,(anonymous_0)
FN:11,(anonymous_1)
FN:15,(anonymous_2)
FN:19,(anonymous_3)
FN:25,(anonymous_4)
FNF:5
FNH:0
FNDA:0,(anonymous_0)
FNDA:0,(anonymous_1)
FNDA:0,(anonymous_2)
FNDA:0,(anonymous_3)
FNDA:0,(anonymous_4)
DA:3,2
DA:4,2
DA:6,2
DA:8,0
DA:12,0
DA:16,0
DA:20,0
DA:21,0
DA:22,0
DA:26,0
DA:27,0
LF:11
LH:3
BRDA:21,0,0,0
BRDA:21,0,1,0
BRF:2
BRH:0
end_of_record
TN:
SF:features\auth\validation\auth.validation.ts
FN:17,validatePassword
FN:28,validatePhone
FN:29,(anonymous_2)
FN:43,validateOtp
FN:50,validateStep1
FN:59,validateStep2
FN:67,validateStep3
FN:77,validateStep4
FN:87,validateLogin
FNF:9
FNH:0
FNDA:0,validatePassword
FNDA:0,validatePhone
FNDA:0,(anonymous_2)
FNDA:0,validateOtp
FNDA:0,validateStep1
FNDA:0,validateStep2
FNDA:0,validateStep3
FNDA:0,validateStep4
FNDA:0,validateLogin
DA:15,0
DA:18,0
DA:19,0
DA:20,0
DA:21,0
DA:22,0
DA:23,0
DA:24,0
DA:29,0
DA:30,0
DA:31,0
DA:32,0
DA:34,0
DA:35,0
DA:36,0
DA:39,0
DA:44,0
DA:45,0
DA:46,0
DA:51,0
DA:52,0
DA:53,0
DA:54,0
DA:55,0
DA:60,0
DA:61,0
DA:62,0
DA:63,0
DA:68,0
DA:69,0
DA:70,0
DA:71,0
DA:72,0
DA:73,0
DA:78,0
DA:79,0
DA:80,0
DA:81,0
DA:82,0
DA:83,0
DA:88,0
DA:89,0
DA:90,0
DA:91,0
DA:92,0
LF:45
LH:0
BRDA:18,0,0,0
BRDA:18,0,1,0
BRDA:19,1,0,0
BRDA:19,1,1,0
BRDA:20,2,0,0
BRDA:20,2,1,0
BRDA:21,3,0,0
BRDA:21,3,1,0
BRDA:22,4,0,0
BRDA:22,4,1,0
BRDA:23,5,0,0
BRDA:23,5,1,0
BRDA:30,6,0,0
BRDA:30,6,1,0
BRDA:31,7,0,0
BRDA:31,7,1,0
BRDA:32,8,0,0
BRDA:32,8,1,0
BRDA:35,9,0,0
BRDA:35,9,1,0
BRDA:44,10,0,0
BRDA:44,10,1,0
BRDA:44,11,0,0
BRDA:44,11,1,0
BRDA:45,12,0,0
BRDA:45,12,1,0
BRDA:52,13,0,0
BRDA:52,13,1,0
BRDA:54,14,0,0
BRDA:54,14,1,0
BRDA:62,15,0,0
BRDA:62,15,1,0
BRDA:69,16,0,0
BRDA:69,16,1,0
BRDA:69,17,0,0
BRDA:69,17,1,0
BRDA:71,18,0,0
BRDA:71,18,1,0
BRDA:71,19,0,0
BRDA:71,19,1,0
BRDA:80,20,0,0
BRDA:80,20,1,0
BRDA:81,21,0,0
BRDA:81,21,1,0
BRDA:90,22,0,0
BRDA:90,22,1,0
BRDA:91,23,0,0
BRDA:91,23,1,0
BRF:48
BRH:0
end_of_record
TN:
SF:features\gains\hooks\useGainsMine.ts
FN:14,useGainsMine
FN:17,(anonymous_1)
FN:18,(anonymous_2)
FN:23,(anonymous_3)
FN:27,(anonymous_4)
FN:28,(anonymous_5)
FN:33,(anonymous_6)
FNF:7
FNH:0
FNDA:0,useGainsMine
FNDA:0,(anonymous_1)
FNDA:0,(anonymous_2)
FNDA:0,(anonymous_3)
FNDA:0,(anonymous_4)
FNDA:0,(anonymous_5)
FNDA:0,(anonymous_6)
DA:12,0
DA:15,0
DA:17,0
DA:18,0
DA:19,0
DA:20,0
DA:21,0
DA:23,0
DA:27,0
DA:28,0
DA:29,0
DA:30,0
DA:31,0
DA:33,0
DA:37,0
LF:15
LH:0
BRDA:20,0,0,0
BRDA:20,0,1,0
BRDA:30,1,0,0
BRDA:30,1,1,0
BRF:4
BRH:0
end_of_record
TN:
SF:features\gains\screens\GainsScreen.tsx
FN:6,GainsScreen
FNF:1
FNH:0
FNDA:0,GainsScreen
DA:7,0
DA:15,0
LF:2
LH:0
BRF:0
BRH:0
end_of_record
TN:
SF:features\gains\services\gains.service.ts
FN:8,authGet
FN:39,(anonymous_1)
FN:41,(anonymous_2)
FNF:3
FNH:0
FNDA:0,authGet
FNDA:0,(anonymous_1)
FNDA:0,(anonymous_2)
DA:5,0
DA:6,0
DA:9,0
DA:10,0
DA:11,0
DA:17,0
DA:18,0
DA:19,0
DA:20,0
DA:22,0
DA:26,0
DA:38,0
DA:40,0
DA:41,0
DA:42,0
DA:44,0
LF:16
LH:0
BRDA:5,0,0,0
BRDA:5,0,1,0
BRDA:14,1,0,0
BRDA:14,1,1,0
BRDA:18,2,0,0
BRDA:18,2,1,0
BRDA:19,3,0,0
BRDA:19,3,1,0
BRDA:19,4,0,0
BRDA:19,4,1,0
BRDA:40,5,0,0
BRDA:40,5,1,0
BRF:12
BRH:0
end_of_record
TN:
SF:features\livraisons\hooks\useLivraisonsEnCours.ts
FN:12,useLivraisonsEnCours
FN:15,(anonymous_1)
FN:16,(anonymous_2)
FN:21,(anonymous_3)
FN:25,(anonymous_4)
FN:26,(anonymous_5)
FN:31,(anonymous_6)
FNF:7
FNH:6
FNDA:19,useLivraisonsEnCours
FNDA:8,(anonymous_1)
FNDA:8,(anonymous_2)
FNDA:2,(anonymous_3)
FNDA:2,(anonymous_4)
FNDA:2,(anonymous_5)
FNDA:0,(anonymous_6)
DA:13,19
DA:15,19
DA:16,8
DA:17,8
DA:18,8
DA:19,6
DA:21,2
DA:25,19
DA:26,2
DA:27,2
DA:28,2
DA:29,2
DA:31,0
DA:35,19
LF:14
LH:13
BRDA:18,0,0,6
BRDA:18,0,1,2
BRDA:28,1,0,2
BRDA:28,1,1,0
BRF:4
BRH:3
end_of_record
TN:
SF:features\livraisons\screens\LivraisonsScreen.tsx
FN:19,formatDate
FN:27,LivraisonCard
FN:84,LivraisonsScreen
FN:88,(anonymous_3)
FN:90,(anonymous_4)
FN:92,(anonymous_5)
FN:93,(anonymous_6)
FN:94,(anonymous_7)
FN:140,(anonymous_8)
FNF:9
FNH:0
FNDA:0,formatDate
FNDA:0,LivraisonCard
FNDA:0,LivraisonsScreen
FNDA:0,(anonymous_3)
FNDA:0,(anonymous_4)
FNDA:0,(anonymous_5)
FNDA:0,(anonymous_6)
FNDA:0,(anonymous_7)
FNDA:0,(anonymous_8)
DA:20,0
DA:21,0
DA:22,0
DA:28,0
DA:85,0
DA:86,0
DA:88,0
DA:90,0
DA:92,0
DA:93,0
DA:94,0
DA:97,0
DA:140,0
DA:150,0
LF:14
LH:0
BRDA:20,0,0,0
BRDA:20,0,1,0
BRDA:59,1,0,0
BRDA:59,1,1,0
BRDA:93,2,0,0
BRDA:93,2,1,0
BRDA:111,3,0,0
BRDA:111,3,1,0
BRDA:117,4,0,0
BRDA:117,4,1,0
BRDA:117,4,2,0
BRDA:126,5,0,0
BRDA:126,5,1,0
BRDA:126,5,2,0
BRDA:126,5,3,0
BRDA:134,6,0,0
BRDA:134,6,1,0
BRDA:134,6,2,0
BRDA:134,6,3,0
BRDA:137,7,0,0
BRDA:137,7,1,0
BRDA:137,8,0,0
BRDA:137,8,1,0
BRF:23
BRH:0
end_of_record
TN:
SF:features\livraisons\services\livraison.service.ts
FN:8,authGet
FN:43,(anonymous_1)
FN:45,(anonymous_2)
FNF:3
FNH:0
FNDA:0,authGet
FNDA:0,(anonymous_1)
FNDA:0,(anonymous_2)
DA:5,1
DA:6,1
DA:9,0
DA:10,0
DA:11,0
DA:17,0
DA:18,0
DA:19,0
DA:20,0
DA:22,0
DA:26,1
DA:42,1
DA:44,0
DA:45,0
DA:46,0
DA:48,0
LF:16
LH:4
BRDA:5,0,0,1
BRDA:5,0,1,1
BRDA:14,1,0,0
BRDA:14,1,1,0
BRDA:18,2,0,0
BRDA:18,2,1,0
BRDA:19,3,0,0
BRDA:19,3,1,0
BRDA:19,4,0,0
BRDA:19,4,1,0
BRDA:44,5,0,0
BRDA:44,5,1,0
BRF:12
BRH:2
end_of_record
TN:
SF:features\scan\screens\ScannerScreen.tsx
FN:21,formatPhone
FN:26,initiales
FN:42,UserCard
FN:49,(anonymous_3)
FN:59,(anonymous_4)
FN:95,(anonymous_5)
FN:115,ClientCard
FN:122,(anonymous_7)
FN:172,ScannerScreen
FN:182,changeZoom
FN:183,(anonymous_10)
FN:186,(anonymous_11)
FN:201,(anonymous_12)
FN:209,handleClose
FN:228,(anonymous_14)
FN:284,(anonymous_15)
FN:288,(anonymous_16)
FN:296,(anonymous_17)
FNF:18
FNH:0
FNDA:0,formatPhone
FNDA:0,initiales
FNDA:0,UserCard
FNDA:0,(anonymous_3)
FNDA:0,(anonymous_4)
FNDA:0,(anonymous_5)
FNDA:0,ClientCard
FNDA:0,(anonymous_7)
FNDA:0,ScannerScreen
FNDA:0,changeZoom
FNDA:0,(anonymous_10)
FNDA:0,(anonymous_11)
FNDA:0,(anonymous_12)
FNDA:0,handleClose
FNDA:0,(anonymous_14)
FNDA:0,(anonymous_15)
FNDA:0,(anonymous_16)
FNDA:0,(anonymous_17)
DA:22,0
DA:23,0
DA:27,0
DA:30,0
DA:35,0
DA:43,0
DA:45,0
DA:49,0
DA:60,0
DA:96,0
DA:116,0
DA:118,0
DA:122,0
DA:173,0
DA:174,0
DA:175,0
DA:176,0
DA:177,0
DA:178,0
DA:179,0
DA:180,0
DA:183,0
DA:186,0
DA:187,0
DA:188,0
DA:189,0
DA:190,0
DA:191,0
DA:192,0
DA:194,0
DA:195,0
DA:197,0
DA:198,0
DA:200,0
DA:201,0
DA:202,0
DA:203,0
DA:204,0
DA:210,0
DA:211,0
DA:212,0
DA:213,0
DA:217,0
DA:218,0
DA:221,0
DA:222,0
DA:228,0
DA:235,0
DA:284,0
DA:288,0
DA:296,0
DA:310,0
DA:311,0
DA:312,0
DA:313,0
DA:314,0
DA:316,0
LF:57
LH:0
BRDA:23,0,0,0
BRDA:23,0,1,0
BRDA:27,1,0,0
BRDA:27,1,1,0
BRDA:27,2,0,0
BRDA:27,2,1,0
BRDA:27,3,0,0
BRDA:27,3,1,0
BRDA:60,4,0,0
BRDA:60,4,1,0
BRDA:61,5,0,0
BRDA:61,5,1,0
BRDA:62,6,0,0
BRDA:62,6,1,0
BRDA:72,7,0,0
BRDA:72,7,1,0
BRDA:78,8,0,0
BRDA:78,8,1,0
BRDA:78,9,0,0
BRDA:78,9,1,0
BRDA:89,10,0,0
BRDA:89,10,1,0
BRDA:92,11,0,0
BRDA:92,11,1,0
BRDA:129,12,0,0
BRDA:129,12,1,0
BRDA:132,13,0,0
BRDA:132,13,1,0
BRDA:140,14,0,0
BRDA:140,14,1,0
BRDA:146,15,0,0
BRDA:146,15,1,0
BRDA:146,16,0,0
BRDA:146,16,1,0
BRDA:154,17,0,0
BRDA:154,17,1,0
BRDA:187,18,0,0
BRDA:187,18,1,0
BRDA:187,19,0,0
BRDA:187,19,1,0
BRDA:197,20,0,0
BRDA:197,20,1,0
BRDA:217,21,0,0
BRDA:217,21,1,0
BRDA:221,22,0,0
BRDA:221,22,1,0
BRDA:243,23,0,0
BRDA:243,23,1,0
BRDA:269,24,0,0
BRDA:269,24,1,0
BRDA:275,25,0,0
BRDA:275,25,1,0
BRDA:275,25,2,0
BRDA:302,26,0,0
BRDA:302,26,1,0
BRDA:303,27,0,0
BRDA:303,27,1,0
BRF:57
BRH:0
end_of_record
TN:
SF:features\scan\services\scan.service.ts
FN:8,authGet
FN:60,isUserId
FN:67,(anonymous_2)
FN:71,(anonymous_3)
FNF:4
FNH:0
FNDA:0,authGet
FNDA:0,isUserId
FNDA:0,(anonymous_2)
FNDA:0,(anonymous_3)
DA:5,0
DA:6,0
DA:9,0
DA:10,0
DA:11,0
DA:17,0
DA:18,0
DA:19,0
DA:20,0
DA:22,0
DA:28,0
DA:43,0
DA:61,0
DA:66,0
DA:68,0
DA:70,0
DA:71,0
DA:72,0
DA:73,0
DA:75,0
DA:76,0
DA:78,0
DA:81,0
DA:82,0
DA:83,0
DA:84,0
DA:87,0
DA:88,0
DA:89,0
LF:29
LH:0
BRDA:5,0,0,0
BRDA:5,0,1,0
BRDA:14,1,0,0
BRDA:14,1,1,0
BRDA:18,2,0,0
BRDA:18,2,1,0
BRDA:19,3,0,0
BRDA:19,3,1,0
BRDA:19,4,0,0
BRDA:19,4,1,0
BRDA:20,5,0,0
BRDA:20,5,1,0
BRDA:70,6,0,0
BRDA:70,6,1,0
BRDA:72,7,0,0
BRDA:72,7,1,0
BRDA:75,8,0,0
BRDA:75,8,1,0
BRDA:81,9,0,0
BRDA:81,9,1,0
BRDA:83,10,0,0
BRDA:83,10,1,0
BRDA:88,11,0,0
BRDA:88,11,1,0
BRF:24
BRH:0
end_of_record
TN:
SF:features\vehicule\hooks\useCommissionsVehicule.ts
FN:12,useCommissionsVehicule
FN:15,(anonymous_1)
FN:16,(anonymous_2)
FN:27,(anonymous_3)
FNF:4
FNH:0
FNDA:0,useCommissionsVehicule
FNDA:0,(anonymous_1)
FNDA:0,(anonymous_2)
FNDA:0,(anonymous_3)
DA:13,0
DA:15,0
DA:16,0
DA:17,0
DA:18,0
DA:19,0
DA:21,0
DA:26,0
DA:27,0
DA:30,0
LF:10
LH:0
BRDA:18,0,0,0
BRDA:18,0,1,0
BRF:2
BRH:0
end_of_record
TN:
SF:features\vehicule\hooks\useFraisVehicule.ts
FN:11,useFraisVehicule
FN:14,(anonymous_1)
FN:15,(anonymous_2)
FNF:3
FNH:0
FNDA:0,useFraisVehicule
FNDA:0,(anonymous_1)
FNDA:0,(anonymous_2)
DA:12,0
DA:14,0
DA:15,0
DA:16,0
DA:17,0
DA:18,0
DA:20,0
DA:24,0
LF:8
LH:0
BRDA:17,0,0,0
BRDA:17,0,1,0
BRF:2
BRH:0
end_of_record
TN:
SF:features\vehicule\hooks\useVehiculesMine.ts
FN:19,useVehiculesMine
FN:23,(anonymous_1)
FN:24,(anonymous_2)
FN:29,(anonymous_3)
FN:34,(anonymous_4)
FN:35,(anonymous_5)
FN:40,(anonymous_6)
FNF:7
FNH:7
FNDA:18,useVehiculesMine
FNDA:6,(anonymous_1)
FNDA:6,(anonymous_2)
FNDA:1,(anonymous_3)
FNDA:3,(anonymous_4)
FNDA:3,(anonymous_5)
FNDA:1,(anonymous_6)
DA:12,1
DA:20,18
DA:23,18
DA:24,6
DA:25,6
DA:26,6
DA:27,5
DA:29,1
DA:34,18
DA:35,3
DA:36,3
DA:37,3
DA:38,2
DA:40,1
DA:44,18
LF:15
LH:15
BRDA:26,0,0,5
BRDA:26,0,1,1
BRDA:37,1,0,2
BRDA:37,1,1,1
BRF:4
BRH:4
end_of_record
TN:
SF:features\vehicule\screens\VehiculeDetailScreen.tsx
FN:33,FiltreChips
FN:36,(anonymous_1)
FN:39,(anonymous_2)
FN:49,CommissionRow
FN:72,VehiculeDetailScreen
FN:81,(anonymous_5)
FN:81,(anonymous_6)
FN:85,(anonymous_7)
FN:87,(anonymous_8)
FN:88,(anonymous_9)
FN:91,(anonymous_10)
FN:96,(anonymous_11)
FN:99,(anonymous_12)
FN:103,(anonymous_13)
FN:104,(anonymous_14)
FN:137,(anonymous_15)
FN:141,(anonymous_16)
FN:142,(anonymous_17)
FN:162,(anonymous_18)
FN:169,(anonymous_19)
FNF:20
FNH:0
FNDA:0,FiltreChips
FNDA:0,(anonymous_1)
FNDA:0,(anonymous_2)
FNDA:0,CommissionRow
FNDA:0,VehiculeDetailScreen
FNDA:0,(anonymous_5)
FNDA:0,(anonymous_6)
FNDA:0,(anonymous_7)
FNDA:0,(anonymous_8)
FNDA:0,(anonymous_9)
FNDA:0,(anonymous_10)
FNDA:0,(anonymous_11)
FNDA:0,(anonymous_12)
FNDA:0,(anonymous_13)
FNDA:0,(anonymous_14)
FNDA:0,(anonymous_15)
FNDA:0,(anonymous_16)
FNDA:0,(anonymous_17)
FNDA:0,(anonymous_18)
FNDA:0,(anonymous_19)
DA:18,0
DA:25,0
DA:34,0
DA:37,0
DA:38,0
DA:39,0
DA:50,0
DA:51,0
DA:73,0
DA:74,0
DA:75,0
DA:77,0
DA:80,0
DA:81,0
DA:85,0
DA:86,0
DA:87,0
DA:88,0
DA:90,0
DA:91,0
DA:92,0
DA:93,0
DA:96,0
DA:99,0
DA:103,0
DA:104,0
DA:106,0
DA:137,0
DA:142,0
DA:163,0
DA:170,0
DA:187,0
LF:32
LH:0
BRDA:40,0,0,0
BRDA:40,0,1,0
BRDA:41,1,0,0
BRDA:41,1,1,0
BRDA:56,2,0,0
BRDA:56,2,1,0
BRDA:65,3,0,0
BRDA:65,3,1,0
BRDA:87,4,0,0
BRDA:87,4,1,0
BRDA:88,5,0,0
BRDA:88,5,1,0
BRDA:92,6,0,0
BRDA:92,6,1,0
BRDA:138,7,0,0
BRDA:138,7,1,0
BRDA:139,8,0,0
BRDA:139,8,1,0
BRDA:143,9,0,0
BRDA:143,9,1,0
BRDA:144,10,0,0
BRDA:144,10,1,0
BRDA:150,11,0,0
BRDA:150,11,1,0
BRDA:156,12,0,0
BRDA:156,12,1,0
BRDA:156,12,2,0
BRDA:162,13,0,0
BRDA:162,13,1,0
BRDA:162,13,2,0
BRDA:176,14,0,0
BRDA:176,14,1,0
BRDA:176,14,2,0
BRDA:176,14,3,0
BRF:34
BRH:0
end_of_record
TN:
SF:features\vehicule\screens\VehiculeFraisScreen.tsx
FN:36,iconeType
FN:46,FraisRow
FN:75,VehiculeFraisScreen
FN:83,(anonymous_3)
FN:84,(anonymous_4)
FN:86,handleRefresh
FN:93,(anonymous_6)
FN:95,(anonymous_7)
FN:99,(anonymous_8)
FN:104,(anonymous_9)
FN:104,(anonymous_10)
FN:109,(anonymous_11)
FN:111,(anonymous_12)
FN:112,(anonymous_13)
FN:115,(anonymous_14)
FN:120,(anonymous_15)
FN:123,(anonymous_16)
FN:127,(anonymous_17)
FN:128,(anonymous_18)
FN:160,(anonymous_19)
FN:165,(anonymous_20)
FN:168,(anonymous_21)
FN:178,(anonymous_22)
FN:182,(anonymous_23)
FN:183,(anonymous_24)
FN:201,(anonymous_25)
FN:208,(anonymous_26)
FNF:27
FNH:0
FNDA:0,iconeType
FNDA:0,FraisRow
FNDA:0,VehiculeFraisScreen
FNDA:0,(anonymous_3)
FNDA:0,(anonymous_4)
FNDA:0,handleRefresh
FNDA:0,(anonymous_6)
FNDA:0,(anonymous_7)
FNDA:0,(anonymous_8)
FNDA:0,(anonymous_9)
FNDA:0,(anonymous_10)
FNDA:0,(anonymous_11)
FNDA:0,(anonymous_12)
FNDA:0,(anonymous_13)
FNDA:0,(anonymous_14)
FNDA:0,(anonymous_15)
FNDA:0,(anonymous_16)
FNDA:0,(anonymous_17)
FNDA:0,(anonymous_18)
FNDA:0,(anonymous_19)
FNDA:0,(anonymous_20)
FNDA:0,(anonymous_21)
FNDA:0,(anonymous_22)
FNDA:0,(anonymous_23)
FNDA:0,(anonymous_24)
FNDA:0,(anonymous_25)
FNDA:0,(anonymous_26)
DA:27,0
DA:37,0
DA:42,0
DA:47,0
DA:53,0
DA:76,0
DA:77,0
DA:78,0
DA:79,0
DA:81,0
DA:83,0
DA:84,0
DA:87,0
DA:88,0
DA:89,0
DA:93,0
DA:94,0
DA:95,0
DA:96,0
DA:97,0
DA:98,0
DA:99,0
DA:103,0
DA:104,0
DA:109,0
DA:110,0
DA:111,0
DA:112,0
DA:114,0
DA:115,0
DA:116,0
DA:117,0
DA:120,0
DA:123,0
DA:127,0
DA:128,0
DA:130,0
DA:160,0
DA:166,0
DA:168,0
DA:178,0
DA:183,0
DA:202,0
DA:209,0
DA:229,0
LF:45
LH:0
BRDA:37,0,0,0
BRDA:37,0,1,0
BRDA:47,1,0,0
BRDA:47,1,1,0
BRDA:49,2,0,0
BRDA:49,2,1,0
BRDA:60,3,0,0
BRDA:60,3,1,0
BRDA:61,4,0,0
BRDA:61,4,1,0
BRDA:96,5,0,0
BRDA:96,5,1,0
BRDA:111,6,0,0
BRDA:111,6,1,0
BRDA:112,7,0,0
BRDA:112,7,1,0
BRDA:116,8,0,0
BRDA:116,8,1,0
BRDA:162,9,0,0
BRDA:162,9,1,0
BRDA:163,10,0,0
BRDA:163,10,1,0
BRDA:170,11,0,0
BRDA:170,11,1,0
BRDA:171,12,0,0
BRDA:171,12,1,0
BRDA:179,13,0,0
BRDA:179,13,1,0
BRDA:180,14,0,0
BRDA:180,14,1,0
BRDA:184,15,0,0
BRDA:184,15,1,0
BRDA:185,16,0,0
BRDA:185,16,1,0
BRDA:191,17,0,0
BRDA:191,17,1,0
BRDA:195,18,0,0
BRDA:195,18,1,0
BRDA:195,18,2,0
BRDA:201,19,0,0
BRDA:201,19,1,0
BRDA:201,19,2,0
BRDA:211,20,0,0
BRDA:211,20,1,0
BRDA:218,21,0,0
BRDA:218,21,1,0
BRDA:218,21,2,0
BRDA:218,21,3,0
BRF:48
BRH:0
end_of_record
TN:
SF:features\vehicule\services\commission.service.ts
FN:8,authGet
FN:32,(anonymous_1)
FN:34,(anonymous_2)
FNF:3
FNH:0
FNDA:0,authGet
FNDA:0,(anonymous_1)
FNDA:0,(anonymous_2)
DA:5,0
DA:6,0
DA:9,0
DA:10,0
DA:11,0
DA:17,0
DA:18,0
DA:19,0
DA:20,0
DA:22,0
DA:26,0
DA:31,0
DA:33,0
DA:34,0
DA:35,0
DA:37,0
LF:16
LH:0
BRDA:5,0,0,0
BRDA:5,0,1,0
BRDA:14,1,0,0
BRDA:14,1,1,0
BRDA:18,2,0,0
BRDA:18,2,1,0
BRDA:19,3,0,0
BRDA:19,3,1,0
BRDA:19,4,0,0
BRDA:19,4,1,0
BRDA:20,5,0,0
BRDA:20,5,1,0
BRDA:33,6,0,0
BRDA:33,6,1,0
BRF:14
BRH:0
end_of_record
TN:
SF:features\vehicule\services\frais.service.ts
FN:8,authGet
FN:31,(anonymous_1)
FN:33,(anonymous_2)
FNF:3
FNH:0
FNDA:0,authGet
FNDA:0,(anonymous_1)
FNDA:0,(anonymous_2)
DA:5,0
DA:6,0
DA:9,0
DA:10,0
DA:11,0
DA:17,0
DA:18,0
DA:19,0
DA:20,0
DA:22,0
DA:26,0
DA:30,0
DA:32,0
DA:33,0
DA:34,0
DA:36,0
LF:16
LH:0
BRDA:5,0,0,0
BRDA:5,0,1,0
BRDA:14,1,0,0
BRDA:14,1,1,0
BRDA:18,2,0,0
BRDA:18,2,1,0
BRDA:19,3,0,0
BRDA:19,3,1,0
BRDA:19,4,0,0
BRDA:19,4,1,0
BRDA:20,5,0,0
BRDA:20,5,1,0
BRDA:32,6,0,0
BRDA:32,6,1,0
BRF:14
BRH:0
end_of_record
TN:
SF:features\vehicule\services\vehicule.service.ts
FN:10,authGet
FN:58,(anonymous_1)
FN:60,(anonymous_2)
FNF:3
FNH:0
FNDA:0,authGet
FNDA:0,(anonymous_1)
FNDA:0,(anonymous_2)
DA:5,1
DA:6,1
DA:11,0
DA:12,0
DA:13,0
DA:19,0
DA:20,0
DA:21,0
DA:22,0
DA:24,0
DA:30,1
DA:57,1
DA:59,0
DA:60,0
DA:61,0
DA:65,0
LF:16
LH:4
BRDA:5,0,0,1
BRDA:5,0,1,1
BRDA:16,1,0,0
BRDA:16,1,1,0
BRDA:20,2,0,0
BRDA:20,2,1,0
BRDA:21,3,0,0
BRDA:21,3,1,0
BRDA:21,4,0,0
BRDA:21,4,1,0
BRDA:22,5,0,0
BRDA:22,5,1,0
BRDA:59,6,0,0
BRDA:59,6,1,0
BRF:14
BRH:2
end_of_record
TN:
SF:features\vehicules\screens\VehiculesScreen.tsx
FN:31,icone
FN:36,VehiculeIcon
FN:45,(anonymous_2)
FN:54,VehiculeCard
FN:55,handlePress
FN:108,LoadingState
FN:117,ErrorState
FN:128,EmptyState
FN:140,VehiculesScreen
FN:145,(anonymous_9)
FN:149,(anonymous_10)
FN:153,(anonymous_11)
FN:154,(anonymous_12)
FN:157,(anonymous_13)
FN:160,(anonymous_14)
FN:171,(anonymous_15)
FN:201,(anonymous_16)
FNF:17
FNH:0
FNDA:0,icone
FNDA:0,VehiculeIcon
FNDA:0,(anonymous_2)
FNDA:0,VehiculeCard
FNDA:0,handlePress
FNDA:0,LoadingState
FNDA:0,ErrorState
FNDA:0,EmptyState
FNDA:0,VehiculesScreen
FNDA:0,(anonymous_9)
FNDA:0,(anonymous_10)
FNDA:0,(anonymous_11)
FNDA:0,(anonymous_12)
FNDA:0,(anonymous_13)
FNDA:0,(anonymous_14)
FNDA:0,(anonymous_15)
FNDA:0,(anonymous_16)
DA:22,0
DA:32,0
DA:37,0
DA:39,0
DA:40,0
DA:45,0
DA:49,0
DA:56,0
DA:62,0
DA:109,0
DA:118,0
DA:129,0
DA:141,0
DA:142,0
DA:145,0
DA:148,0
DA:149,0
DA:153,0
DA:154,0
DA:155,0
DA:157,0
DA:160,0
DA:161,0
DA:162,0
DA:163,0
DA:165,0
DA:171,0
DA:177,0
DA:201,0
DA:211,0
LF:30
LH:0
BRDA:32,0,0,0
BRDA:32,0,1,0
BRDA:39,1,0,0
BRDA:39,1,1,0
BRDA:39,2,0,0
BRDA:39,2,1,0
BRDA:71,3,0,0
BRDA:71,3,1,0
BRDA:72,4,0,0
BRDA:72,4,1,0
BRDA:73,5,0,0
BRDA:73,5,1,0
BRDA:74,6,0,0
BRDA:74,6,1,0
BRDA:95,7,0,0
BRDA:95,7,1,0
BRDA:155,8,0,0
BRDA:155,8,1,0
BRDA:161,9,0,0
BRDA:161,9,1,0
BRDA:162,10,0,0
BRDA:162,10,1,0
BRDA:163,11,0,0
BRDA:163,11,1,0
BRDA:168,12,0,0
BRDA:168,12,1,0
BRF:26
BRH:0
end_of_record
TN:
SF:shared\utils\format.ts
FN:5,formatMontant
FN:13,formatDate
FNF:2
FNH:2
FNDA:9,formatMontant
FNDA:16,formatDate
DA:6,9
DA:7,9
DA:14,16
DA:15,16
DA:16,16
LF:5
LH:5
BRF:0
BRH:0
end_of_record
